2025-10-21 11:55:00 | WARN | repo=course-sys-int-systems-exam | action=commit
2025-10-15 10:13:00 | INFO | repo=course-sys-int-systems-exam | action=commit
2025-11-24 13:17:00 | WARN | repo=course-sys-int-systems-exam | action=commit
2025-01-02 16:20:00 | INFO | repo=course-sys-int-systems-exam | action=commit
2025-07-08 17:12:00 | DEBUG | repo=course-sys-int-systems-exam | action=test | passed=true
2025-02-28 11:42:00 | DEBUG | repo=course-sys-int-systems-exam | action=edit | files=5
2025-11-22 15:46:00 | DEBUG | repo=course-sys-int-systems-exam | action=edit | files=1
2025-12-24 07:08:00 | INFO | repo=course-sys-int-systems-exam | action=edit | files=5
2025-12-08 11:43:00 | DEBUG | repo=course-sys-int-systems-exam | action=commit
2025-05-27 21:39:00 | DEBUG | repo=course-sys-int-systems-exam | action=commit
2025-06-06 18:50:00 | INFO | repo=course-sys-int-systems-exam | action=commit
2025-11-16 09:36:00 | WARN | repo=course-sys-int-systems-exam | action=edit | files=5
2025-02-27 17:25:00 | DEBUG | repo=course-sys-int-systems-exam | action=commit
2025-03-08 12:52:00 | INFO | repo=course-sys-int-systems-exam | action=commit
2025-07-23 16:39:00 | INFO | repo=course-sys-int-systems-exam | action=pull
2025-09-26 11:09:00 | WARN | repo=course-sys-int-systems-exam | action=commit
2025-03-06 19:05:00 | WARN | repo=course-sys-int-systems-exam | action=commit
2025-07-09 07:08:00 | INFO | repo=course-sys-int-systems-exam | action=commit
2025-03-05 19:26:00 | INFO | repo=course-sys-int-systems-exam | action=commit
2025-08-06 14:31:00 | INFO | repo=course-sys-int-systems-exam | action=commit
